<?xml version="1.0" encoding="UTF-8"?>
<!-- Generated by org.testng.reporters.JUnitReportReporter -->
<testsuite hostname="Deepshri_laptop" failures="0" tests="5" name="com.SFDC.AutomationScripts.AutomationScripts_Login" time="64.165" errors="0" timestamp="2024-02-21T21:44:57 CST" skipped="0">
  <testcase classname="com.SFDC.AutomationScripts.AutomationScripts_Login" name="rememberUserName_chkBox" time="19.789"/>
  <system-out/>
  <testcase classname="com.SFDC.AutomationScripts.AutomationScripts_Login" name="invalidLogin_SFDC" time="7.379"/>
  <system-out/>
  <testcase classname="com.SFDC.AutomationScripts.AutomationScripts_Login" name="validLogin_SFDC" time="13.819"/>
  <system-out/>
  <testcase classname="com.SFDC.AutomationScripts.AutomationScripts_Login" name="invalidCredentials_SFDC" time="11.929"/>
  <system-out/>
  <testcase classname="com.SFDC.AutomationScripts.AutomationScripts_Login" name="testForgetPwd" time="11.249"/>
  <system-out/>
</testsuite> <!-- com.SFDC.AutomationScripts.AutomationScripts_Login -->
