<?xml version="1.0" encoding="UTF-8"?>
<!-- Generated by org.testng.reporters.JUnitReportReporter -->
<testsuite hostname="Deepshri_laptop" failures="0" tests="5" name="com.SFDC.AutomationScripts.AutomationScripts_Login" time="67.950" errors="0" timestamp="2024-02-21T18:10:54 CST" skipped="0">
  <testcase classname="com.SFDC.AutomationScripts.AutomationScripts_Login" name="invalidLogin_SFDC" time="6.873"/>
  <system-out/>
  <testcase classname="com.SFDC.AutomationScripts.AutomationScripts_Login" name="invalidCredentials_SFDC" time="12.428"/>
  <system-out/>
  <testcase classname="com.SFDC.AutomationScripts.AutomationScripts_Login" name="validLogin_SFDC" time="14.207"/>
  <system-out/>
  <testcase classname="com.SFDC.AutomationScripts.AutomationScripts_Login" name="rememberUserName_chkBox" time="21.749"/>
  <system-out/>
  <testcase classname="com.SFDC.AutomationScripts.AutomationScripts_Login" name="testForgetPwd" time="12.693"/>
  <system-out/>
</testsuite> <!-- com.SFDC.AutomationScripts.AutomationScripts_Login -->
